TN:
SF:src\common\js\util.js
FN:3,padding
FN:10,(anonymous_1)
FN:21,(anonymous_2)
FN:55,(anonymous_3)
FN:66,(anonymous_4)
FN:68,(anonymous_5)
FN:80,(anonymous_6)
FN:105,(anonymous_7)
FN:112,(anonymous_8)
FN:115,(anonymous_9)
FN:122,(anonymous_10)
FN:129,(anonymous_11)
FN:132,(anonymous_12)
FNF:13
FNH:0
FNDA:0,padding
FNDA:0,(anonymous_1)
FNDA:0,(anonymous_2)
FNDA:0,(anonymous_3)
FNDA:0,(anonymous_4)
FNDA:0,(anonymous_5)
FNDA:0,(anonymous_6)
FNDA:0,(anonymous_7)
FNDA:0,(anonymous_8)
FNDA:0,(anonymous_9)
FNDA:0,(anonymous_10)
FNDA:0,(anonymous_11)
FNDA:0,(anonymous_12)
DA:1,1
DA:2,1
DA:4,0
DA:5,0
DA:6,0
DA:11,0
DA:12,0
DA:13,0
DA:14,0
DA:15,0
DA:16,0
DA:17,0
DA:18,0
DA:23,0
DA:24,0
DA:25,0
DA:26,0
DA:28,0
DA:29,0
DA:32,0
DA:33,0
DA:34,0
DA:35,0
DA:37,0
DA:39,0
DA:40,0
DA:42,0
DA:44,0
DA:46,0
DA:50,0
DA:56,0
DA:57,0
DA:58,0
DA:59,0
DA:60,0
DA:63,0
DA:67,0
DA:68,0
DA:69,0
DA:70,0
DA:71,0
DA:72,0
DA:73,0
DA:74,0
DA:75,0
DA:76,0
DA:81,0
DA:82,0
DA:83,0
DA:84,0
DA:85,0
DA:86,0
DA:87,0
DA:88,0
DA:89,0
DA:90,0
DA:91,0
DA:92,0
DA:93,0
DA:94,0
DA:97,0
DA:99,0
DA:106,0
DA:107,0
DA:108,0
DA:110,0
DA:113,0
DA:116,0
DA:123,0
DA:124,0
DA:125,0
DA:127,0
DA:130,0
DA:133,0
LF:74
LH:2
BRDA:14,0,0,0
BRDA:14,0,1,0
BRDA:18,1,0,0
BRDA:18,1,1,0
BRDA:18,2,0,0
BRDA:18,2,1,0
BRDA:18,2,2,0
BRDA:23,3,0,0
BRDA:23,3,1,0
BRDA:24,4,0,0
BRDA:24,4,1,0
BRDA:25,5,0,0
BRDA:25,5,1,0
BRDA:26,6,0,0
BRDA:26,6,1,0
BRDA:35,7,0,0
BRDA:35,7,1,0
BRDA:37,8,0,0
BRDA:37,8,1,0
BRDA:40,9,0,0
BRDA:40,9,1,0
BRDA:42,10,0,0
BRDA:42,10,1,0
BRDA:59,11,0,0
BRDA:59,11,1,0
BRDA:59,12,0,0
BRDA:59,12,1,0
BRDA:59,12,2,0
BRDA:59,12,3,0
BRDA:67,13,0,0
BRDA:67,13,1,0
BRDA:69,14,0,0
BRDA:69,14,1,0
BRDA:69,14,2,0
BRDA:69,14,3,0
BRDA:69,14,4,0
BRDA:69,14,5,0
BRDA:69,14,6,0
BRDA:83,15,0,0
BRDA:83,15,1,0
BRDA:88,16,0,0
BRDA:88,16,1,0
BRDA:88,16,2,0
BRDA:88,16,3,0
BRDA:88,16,4,0
BRDA:88,16,5,0
BRDA:107,17,0,0
BRDA:107,17,1,0
BRDA:107,18,0,0
BRDA:107,18,1,0
BRDA:107,18,2,0
BRDA:124,19,0,0
BRDA:124,19,1,0
BRDA:124,20,0,0
BRDA:124,20,1,0
BRDA:124,20,2,0
BRF:56
BRH:0
end_of_record
TN:
SF:src\views\layout\sidebarMenu.js
FNF:0
FNH:0
DA:1,1
LF:1
LH:1
BRF:0
BRH:0
end_of_record
